2025-08-01T15:00:18.407Z [right meow!] info: Hey I am just testing...
2025-08-01T15:01:30.629Z [right meow!] info: Hey I am just testing...
2025-08-01T15:01:30.631Z [right meow!] info: Hey I am just testing...
2025-08-01T15:01:36.358Z [right meow!] info: Hey I am just testing...
2025-08-01T15:01:36.360Z [right meow!] error: Hey I am just testing...
2025-08-01T15:01:38.775Z [right meow!] info: Hey I am just testing...
2025-08-01T15:01:38.776Z [right meow!] error: Hey I am just testing...
2025-08-01T15:01:44.459Z [right meow!] info: Hey I am just testing...
2025-08-01T15:01:44.460Z [right meow!] error: Hey I am just testing...
2025-08-01T15:01:48.760Z [right meow!] info: Hey I am just testing...
2025-08-01T15:01:48.761Z [right meow!] error: Hey I am just testing...
2025-08-01T15:01:55.401Z [right meow!] info: Hey I am just testing...
2025-08-01T15:01:55.403Z [right meow!] error: Hey I am just testing...
2025-08-01T15:01:58.065Z [right meow!] info: Hey I am just testing...
2025-08-01T15:01:58.066Z [right meow!] error: Hey I am just testing...
2025-08-01T15:02:02.048Z [right meow!] info: Hey I am just testing...
2025-08-01T15:02:02.049Z [right meow!] error: Hey I am just testing...
2025-08-01T15:02:25.302Z [right meow!] info: Hey I am just testing...
2025-08-01T15:02:25.304Z [right meow!] error: Hey I am just testing...
2025-08-01T15:03:02.760Z [right meow!] info: Hey I am just testing...
2025-08-01T15:03:02.762Z [right meow!] error: Hey I am just testing ...
2025-08-01T15:03:09.316Z [right meow!] info: Hey I am just testing...
2025-08-01T15:03:09.317Z [right meow!] error: Hey I am just testing Error Log...
2025-08-01T15:04:53.506Z [right meow!] info: Hey I am just testing...
2025-08-01T15:04:53.507Z [right meow!] error: Hey I am just testing Error Log...
2025-08-01T15:04:56.739Z [right meow!] info: Hey I am just testing...
2025-08-01T15:04:56.740Z [right meow!] error: Hey I am just testing Error Log...
2025-08-01T15:04:59.807Z [right meow!] info: Hey I am just testing...
2025-08-01T15:04:59.808Z [right meow!] error: Hey I am just testing Error Log...
2025-08-01T15:05:04.038Z [right meow!] info: Hey I am just testing...
2025-08-01T15:05:04.040Z [right meow!] error: Hey I am just testing Error Log...
2025-08-01T15:05:06.048Z [right meow!] info: Hey I am just testing...
2025-08-01T15:05:06.050Z [right meow!] error: Hey I am just testing Error Log...
2025-08-01T15:05:11.814Z [right meow!] info: Hey I am just testing...
2025-08-01T15:05:11.815Z [right meow!] error: Hey I am just testing Error Log...
2025-08-01T15:05:12.967Z [right meow!] info: Hey I am just testing...
2025-08-01T15:05:12.969Z [right meow!] error: Hey I am just testing Error Log...
2025-08-01T15:05:18.694Z [right meow!] info: Hey I am just testing...
2025-08-01T15:05:18.695Z [right meow!] error: Hey I am just testing Error Log...
2025-08-01T15:05:20.864Z [right meow!] info: Hey I am just testing...
2025-08-01T15:05:20.865Z [right meow!] error: Hey I am just testing Error Log...
2025-08-01T15:05:24.906Z [right meow!] info: Hey I am just testing...
2025-08-01T15:05:24.907Z [right meow!] error: Hey I am just testing Error Log...
2025-08-01T15:05:26.190Z [right meow!] info: Hey I am just testing...
2025-08-01T15:05:26.192Z [right meow!] error: Hey I am just testing Error Log...
2025-08-01T15:05:30.575Z [right meow!] info: Hey I am just testing...
2025-08-01T15:05:30.577Z [right meow!] error: Hey I am just testing Error Log...
2025-08-01T15:05:31.864Z [right meow!] info: Hey I am just testing...
2025-08-01T15:05:31.865Z [right meow!] error: Hey I am just testing Error Log...
2025-08-01T15:05:39.265Z [right meow!] info: Hey I am just testing...
2025-08-01T15:05:39.266Z [right meow!] error: Hey I am just testing Error Log...
2025-08-01T15:05:43.599Z [right meow!] info: Hey I am just testing...
2025-08-01T15:05:43.600Z [right meow!] error: Hey I am just testing Error Log...
2025-08-01T15:05:49.596Z [right meow!] info: Hey I am just testing...
2025-08-01T15:05:49.598Z [right meow!] error: Hey I am just testing Error Log...
2025-08-01T15:05:50.848Z [right meow!] info: Hey I am just testing...
2025-08-01T15:05:50.850Z [right meow!] error: Hey I am just testing Error Log...
2025-08-01T15:05:54.816Z [right meow!] info: Hey I am just testing...
2025-08-01T15:05:54.818Z [right meow!] error: Hey I am just testing Error Log...
2025-08-01T15:05:58.155Z [right meow!] info: Hey I am just testing...
2025-08-01T15:05:58.156Z [right meow!] error: Hey I am just testing Error Log...
2025-08-01T15:07:48.482Z [right meow!] error: user is not defined
2025-08-01T17:56:45.627Z [right meow!] info: Job completed.
2025-08-01T18:01:34.868Z [right meow!] info: Job completed.
2025-08-01T18:06:33.803Z [right meow!] info: Job completed.
2025-08-03T07:36:18.964Z [right meow!] error: The error is Cannot read properties of undefined (reading 'validator')
2025-08-03T07:40:45.811Z [right meow!] error: The error is Cannot read properties of undefined (reading 'validator')
2025-08-03T07:44:30.342Z [right meow!] error: The error is Cannot read properties of undefined (reading 'validator')
2025-08-03T07:48:15.643Z [right meow!] error: The error is Cannot read properties of undefined (reading 'validator')
2025-08-03T07:51:44.472Z [right meow!] error: The error is Cannot read properties of undefined (reading 'validator')
2025-08-03T08:00:14.510Z [right meow!] error: The error is Cannot read properties of undefined (reading 'validator')
2025-08-03T08:05:08.587Z [right meow!] error: The error is Cannot read properties of undefined (reading 'validator')
2025-08-03T08:06:08.736Z [right meow!] error: The error is Cannot read properties of undefined (reading 'validator')
2025-08-03T08:06:14.750Z [right meow!] error: The error is Cannot read properties of undefined (reading 'validator')
2025-08-03T08:06:15.937Z [right meow!] error: The error is Cannot read properties of undefined (reading 'validator')
2025-08-03T08:06:16.224Z [right meow!] error: The error is Cannot read properties of undefined (reading 'validator')
2025-08-03T08:06:16.417Z [right meow!] error: The error is Cannot read properties of undefined (reading 'validator')
2025-08-03T08:06:16.584Z [right meow!] error: The error is Cannot read properties of undefined (reading 'validator')
2025-08-03T08:06:16.788Z [right meow!] error: The error is Cannot read properties of undefined (reading 'validator')
2025-08-03T08:06:18.118Z [right meow!] error: The error is Cannot read properties of undefined (reading 'validator')
2025-08-03T08:06:19.206Z [right meow!] error: The error is Cannot read properties of undefined (reading 'validator')
2025-08-03T08:18:49.214Z [right meow!] error: The error is Cannot read properties of undefined (reading 'validator')
2025-08-03T08:19:30.439Z [right meow!] error: The error is Cannot read properties of undefined (reading 'validator')
2025-08-03T08:51:10.619Z [right meow!] error: The error is Cannot read properties of undefined (reading 'validator')
2025-08-03T16:53:42.209Z [right meow!] info: Job completed.
2025-08-03T17:16:43.926Z [right meow!] info: Job completed.
2025-08-03T18:18:09.094Z [right meow!] info: Job completed.
2025-08-03T18:37:40.983Z [right meow!] info: Job completed.
2025-08-03T19:01:41.674Z [right meow!] info: Job completed.
2025-08-03T19:10:52.273Z [right meow!] info: Job completed.
2025-08-03T19:34:29.488Z [right meow!] info: Job completed.
2025-08-03T19:36:19.369Z [right meow!] info: Job completed.
2025-08-08T13:02:37.487Z [right meow!] error: Cannot read properties of undefined (reading 'create')
2025-08-08T13:53:05.097Z [right meow!] info: Job completed.
2025-08-09T11:54:57.519Z [right meow!] info: Job completed.
2025-08-09T19:45:25.249Z [right meow!] info: Job completed.
2025-08-09T19:53:14.056Z [right meow!] info: Job completed.
2025-08-09T19:59:43.245Z [right meow!] info: Job completed.
2025-08-09T20:11:13.162Z [right meow!] info: Job completed.
2025-08-09T20:17:03.722Z [right meow!] info: Job completed.
2025-08-09T20:26:45.418Z [right meow!] info: Job completed.
2025-08-09T20:34:12.681Z [right meow!] info: Job completed.
2025-08-09T20:36:59.052Z [right meow!] info: Job completed.
2025-08-09T20:38:52.578Z [right meow!] info: Job completed.
2025-08-09T20:41:22.434Z [right meow!] info: Job completed.
2025-08-09T20:43:03.755Z [right meow!] info: Job completed.
2025-08-09T20:57:18.078Z [right meow!] info: Job completed.
2025-08-13T23:41:30.622Z [right meow!] info: Job completed.
