2025-08-01T15:01:36.360Z [right meow!] error: Hey I am just testing...
2025-08-01T15:01:38.776Z [right meow!] error: Hey I am just testing...
2025-08-01T15:01:44.460Z [right meow!] error: Hey I am just testing...
2025-08-01T15:01:48.761Z [right meow!] error: Hey I am just testing...
2025-08-01T15:01:55.403Z [right meow!] error: Hey I am just testing...
2025-08-01T15:01:58.066Z [right meow!] error: Hey I am just testing...
2025-08-01T15:02:02.049Z [right meow!] error: Hey I am just testing...
2025-08-01T15:02:25.304Z [right meow!] error: Hey I am just testing...
2025-08-01T15:03:02.762Z [right meow!] error: Hey I am just testing ...
2025-08-01T15:03:09.317Z [right meow!] error: Hey I am just testing Error Log...
2025-08-01T15:04:53.507Z [right meow!] error: Hey I am just testing Error Log...
2025-08-01T15:04:56.740Z [right meow!] error: Hey I am just testing Error Log...
2025-08-01T15:04:59.808Z [right meow!] error: Hey I am just testing Error Log...
2025-08-01T15:05:04.040Z [right meow!] error: Hey I am just testing Error Log...
2025-08-01T15:05:06.050Z [right meow!] error: Hey I am just testing Error Log...
2025-08-01T15:05:11.815Z [right meow!] error: Hey I am just testing Error Log...
2025-08-01T15:05:12.969Z [right meow!] error: Hey I am just testing Error Log...
2025-08-01T15:05:18.695Z [right meow!] error: Hey I am just testing Error Log...
2025-08-01T15:05:20.865Z [right meow!] error: Hey I am just testing Error Log...
2025-08-01T15:05:24.907Z [right meow!] error: Hey I am just testing Error Log...
2025-08-01T15:05:26.192Z [right meow!] error: Hey I am just testing Error Log...
2025-08-01T15:05:30.577Z [right meow!] error: Hey I am just testing Error Log...
2025-08-01T15:05:31.865Z [right meow!] error: Hey I am just testing Error Log...
2025-08-01T15:05:39.266Z [right meow!] error: Hey I am just testing Error Log...
2025-08-01T15:05:43.600Z [right meow!] error: Hey I am just testing Error Log...
2025-08-01T15:05:49.598Z [right meow!] error: Hey I am just testing Error Log...
2025-08-01T15:05:50.850Z [right meow!] error: Hey I am just testing Error Log...
2025-08-01T15:05:54.818Z [right meow!] error: Hey I am just testing Error Log...
2025-08-01T15:05:58.156Z [right meow!] error: Hey I am just testing Error Log...
2025-08-01T15:07:48.482Z [right meow!] error: user is not defined 
2025-08-03T07:36:18.964Z [right meow!] error: The error is Cannot read properties of undefined (reading 'validator')
2025-08-03T07:40:45.811Z [right meow!] error: The error is Cannot read properties of undefined (reading 'validator')
2025-08-03T07:44:30.342Z [right meow!] error: The error is Cannot read properties of undefined (reading 'validator')
2025-08-03T07:48:15.643Z [right meow!] error: The error is Cannot read properties of undefined (reading 'validator')
2025-08-03T07:51:44.472Z [right meow!] error: The error is Cannot read properties of undefined (reading 'validator')
2025-08-03T08:00:14.510Z [right meow!] error: The error is Cannot read properties of undefined (reading 'validator')
2025-08-03T08:05:08.587Z [right meow!] error: The error is Cannot read properties of undefined (reading 'validator')
2025-08-03T08:06:08.736Z [right meow!] error: The error is Cannot read properties of undefined (reading 'validator')
2025-08-03T08:06:14.750Z [right meow!] error: The error is Cannot read properties of undefined (reading 'validator')
2025-08-03T08:06:15.937Z [right meow!] error: The error is Cannot read properties of undefined (reading 'validator')
2025-08-03T08:06:16.224Z [right meow!] error: The error is Cannot read properties of undefined (reading 'validator')
2025-08-03T08:06:16.417Z [right meow!] error: The error is Cannot read properties of undefined (reading 'validator')
2025-08-03T08:06:16.584Z [right meow!] error: The error is Cannot read properties of undefined (reading 'validator')
2025-08-03T08:06:16.788Z [right meow!] error: The error is Cannot read properties of undefined (reading 'validator')
2025-08-03T08:06:18.118Z [right meow!] error: The error is Cannot read properties of undefined (reading 'validator')
2025-08-03T08:06:19.206Z [right meow!] error: The error is Cannot read properties of undefined (reading 'validator')
2025-08-03T08:18:49.214Z [right meow!] error: The error is Cannot read properties of undefined (reading 'validator')
2025-08-03T08:19:30.439Z [right meow!] error: The error is Cannot read properties of undefined (reading 'validator')
2025-08-03T08:51:10.619Z [right meow!] error: The error is Cannot read properties of undefined (reading 'validator')
2025-08-08T13:02:37.487Z [right meow!] error: Cannot read properties of undefined (reading 'create')
2025-08-13T14:25:49.975Z [right meow!] error: Get reviewers error: prisma is not defined
2025-08-13T23:13:00.613Z [right meow!] error: Error calculating review time for reviewer 3: 
Invalid `prisma.review.findMany()` invocation:

{
  where: {
    reviewer_id: 3,
    decision: {
      not: null
    },
    reviewed_at: {
+     not: DateTime
    }
  },
  include: {
    paper: {
      select: {
        created_at: true
      }
    },
    proposal: {
      select: {
        created_at: true
      }
    }
  }
}

Argument `not` must not be null.
2025-08-13T23:13:00.639Z [right meow!] error: Error calculating review time for reviewer 2: 
Invalid `prisma.review.findMany()` invocation:

{
  where: {
    reviewer_id: 2,
    decision: {
      not: null
    },
    reviewed_at: {
+     not: DateTime
    }
  },
  include: {
    paper: {
      select: {
        created_at: true
      }
    },
    proposal: {
      select: {
        created_at: true
      }
    }
  }
}

Argument `not` must not be null.
2025-08-13T23:13:00.647Z [right meow!] error: Error calculating review time for reviewer 5: 
Invalid `prisma.review.findMany()` invocation:

{
  where: {
    reviewer_id: 5,
    decision: {
      not: null
    },
    reviewed_at: {
+     not: DateTime
    }
  },
  include: {
    paper: {
      select: {
        created_at: true
      }
    },
    proposal: {
      select: {
        created_at: true
      }
    }
  }
}

Argument `not` must not be null.
2025-08-13T23:13:00.738Z [right meow!] error: Error calculating review time for reviewer 5: 
Invalid `prisma.review.findMany()` invocation:

{
  where: {
    reviewer_id: 5,
    decision: {
      not: null
    },
    reviewed_at: {
+     not: DateTime
    }
  },
  include: {
    paper: {
      select: {
        created_at: true
      }
    },
    proposal: {
      select: {
        created_at: true
      }
    }
  }
}

Argument `not` must not be null.
2025-08-13T23:13:00.744Z [right meow!] error: Error calculating review time for reviewer 3: 
Invalid `prisma.review.findMany()` invocation:

{
  where: {
    reviewer_id: 3,
    decision: {
      not: null
    },
    reviewed_at: {
+     not: DateTime
    }
  },
  include: {
    paper: {
      select: {
        created_at: true
      }
    },
    proposal: {
      select: {
        created_at: true
      }
    }
  }
}

Argument `not` must not be null.
2025-08-13T23:13:00.748Z [right meow!] error: Error calculating review time for reviewer 2: 
Invalid `prisma.review.findMany()` invocation:

{
  where: {
    reviewer_id: 2,
    decision: {
      not: null
    },
    reviewed_at: {
+     not: DateTime
    }
  },
  include: {
    paper: {
      select: {
        created_at: true
      }
    },
    proposal: {
      select: {
        created_at: true
      }
    }
  }
}

Argument `not` must not be null.
2025-08-13T23:30:41.044Z [right meow!] error: Error calculating review time for reviewer 5: 
Invalid `prisma.review.findMany()` invocation:

{
  where: {
    reviewer_id: 5,
    decision: {
      not: null
    },
    reviewed_at: {
+     not: DateTime
    }
  },
  include: {
    paper: {
      select: {
        created_at: true
      }
    },
    proposal: {
      select: {
        created_at: true
      }
    }
  }
}

Argument `not` must not be null.
2025-08-13T23:30:41.089Z [right meow!] error: Error calculating review time for reviewer 2: 
Invalid `prisma.review.findMany()` invocation:

{
  where: {
    reviewer_id: 2,
    decision: {
      not: null
    },
    reviewed_at: {
+     not: DateTime
    }
  },
  include: {
    paper: {
      select: {
        created_at: true
      }
    },
    proposal: {
      select: {
        created_at: true
      }
    }
  }
}

Argument `not` must not be null.
2025-08-13T23:30:41.176Z [right meow!] error: Error calculating review time for reviewer 3: 
Invalid `prisma.review.findMany()` invocation:

{
  where: {
    reviewer_id: 3,
    decision: {
      not: null
    },
    reviewed_at: {
+     not: DateTime
    }
  },
  include: {
    paper: {
      select: {
        created_at: true
      }
    },
    proposal: {
      select: {
        created_at: true
      }
    }
  }
}

Argument `not` must not be null.
2025-08-13T23:31:12.247Z [right meow!] error: Error calculating review time for reviewer 5: 
Invalid `prisma.review.findMany()` invocation:

{
  where: {
    reviewer_id: 5,
    decision: {
      not: null
    },
    reviewed_at: {
+     not: DateTime
    }
  },
  include: {
    paper: {
      select: {
        created_at: true
      }
    },
    proposal: {
      select: {
        created_at: true
      }
    }
  }
}

Argument `not` must not be null.
2025-08-13T23:31:12.271Z [right meow!] error: Error calculating review time for reviewer 2: 
Invalid `prisma.review.findMany()` invocation:

{
  where: {
    reviewer_id: 2,
    decision: {
      not: null
    },
    reviewed_at: {
+     not: DateTime
    }
  },
  include: {
    paper: {
      select: {
        created_at: true
      }
    },
    proposal: {
      select: {
        created_at: true
      }
    }
  }
}

Argument `not` must not be null.
2025-08-13T23:31:12.359Z [right meow!] error: Error calculating review time for reviewer 3: 
Invalid `prisma.review.findMany()` invocation:

{
  where: {
    reviewer_id: 3,
    decision: {
      not: null
    },
    reviewed_at: {
+     not: DateTime
    }
  },
  include: {
    paper: {
      select: {
        created_at: true
      }
    },
    proposal: {
      select: {
        created_at: true
      }
    }
  }
}

Argument `not` must not be null.
2025-08-13T23:31:12.448Z [right meow!] error: Error calculating review time for reviewer 5: 
Invalid `prisma.review.findMany()` invocation:

{
  where: {
    reviewer_id: 5,
    decision: {
      not: null
    },
    reviewed_at: {
+     not: DateTime
    }
  },
  include: {
    paper: {
      select: {
        created_at: true
      }
    },
    proposal: {
      select: {
        created_at: true
      }
    }
  }
}

Argument `not` must not be null.
2025-08-13T23:31:12.453Z [right meow!] error: Error calculating review time for reviewer 2: 
Invalid `prisma.review.findMany()` invocation:

{
  where: {
    reviewer_id: 2,
    decision: {
      not: null
    },
    reviewed_at: {
+     not: DateTime
    }
  },
  include: {
    paper: {
      select: {
        created_at: true
      }
    },
    proposal: {
      select: {
        created_at: true
      }
    }
  }
}

Argument `not` must not be null.
2025-08-13T23:31:12.457Z [right meow!] error: Error calculating review time for reviewer 3: 
Invalid `prisma.review.findMany()` invocation:

{
  where: {
    reviewer_id: 3,
    decision: {
      not: null
    },
    reviewed_at: {
+     not: DateTime
    }
  },
  include: {
    paper: {
      select: {
        created_at: true
      }
    },
    proposal: {
      select: {
        created_at: true
      }
    }
  }
}

Argument `not` must not be null.
2025-08-13T23:34:01.449Z [right meow!] error: Error calculating review time for reviewer 2: 
Invalid `prisma.review.findMany()` invocation:

{
  where: {
    reviewer_id: 2,
    decision: {
      not: null
    },
    reviewed_at: {
+     not: DateTime
    }
  },
  include: {
    paper: {
      select: {
        created_at: true
      }
    },
    proposal: {
      select: {
        created_at: true
      }
    }
  }
}

Argument `not` must not be null.
2025-08-13T23:34:01.518Z [right meow!] error: Error calculating review time for reviewer 5: 
Invalid `prisma.review.findMany()` invocation:

{
  where: {
    reviewer_id: 5,
    decision: {
      not: null
    },
    reviewed_at: {
+     not: DateTime
    }
  },
  include: {
    paper: {
      select: {
        created_at: true
      }
    },
    proposal: {
      select: {
        created_at: true
      }
    }
  }
}

Argument `not` must not be null.
2025-08-13T23:34:01.549Z [right meow!] error: Error calculating review time for reviewer 3: 
Invalid `prisma.review.findMany()` invocation:

{
  where: {
    reviewer_id: 3,
    decision: {
      not: null
    },
    reviewed_at: {
+     not: DateTime
    }
  },
  include: {
    paper: {
      select: {
        created_at: true
      }
    },
    proposal: {
      select: {
        created_at: true
      }
    }
  }
}

Argument `not` must not be null.
2025-08-13T23:34:04.777Z [right meow!] error: Error calculating review time for reviewer 3: 
Invalid `prisma.review.findMany()` invocation:

{
  where: {
    reviewer_id: 3,
    decision: {
      not: null
    },
    reviewed_at: {
+     not: DateTime
    }
  },
  include: {
    paper: {
      select: {
        created_at: true
      }
    },
    proposal: {
      select: {
        created_at: true
      }
    }
  }
}

Argument `not` must not be null.
2025-08-13T23:34:04.786Z [right meow!] error: Error calculating review time for reviewer 2: 
Invalid `prisma.review.findMany()` invocation:

{
  where: {
    reviewer_id: 2,
    decision: {
      not: null
    },
    reviewed_at: {
+     not: DateTime
    }
  },
  include: {
    paper: {
      select: {
        created_at: true
      }
    },
    proposal: {
      select: {
        created_at: true
      }
    }
  }
}

Argument `not` must not be null.
2025-08-13T23:34:04.790Z [right meow!] error: Error calculating review time for reviewer 5: 
Invalid `prisma.review.findMany()` invocation:

{
  where: {
    reviewer_id: 5,
    decision: {
      not: null
    },
    reviewed_at: {
+     not: DateTime
    }
  },
  include: {
    paper: {
      select: {
        created_at: true
      }
    },
    proposal: {
      select: {
        created_at: true
      }
    }
  }
}

Argument `not` must not be null.
2025-08-13T23:34:31.519Z [right meow!] error: Error calculating review time for reviewer 5: 
Invalid `prisma.review.findMany()` invocation:

{
  where: {
    reviewer_id: 5,
    decision: {
      not: null
    },
    reviewed_at: {
+     not: DateTime
    }
  },
  include: {
    paper: {
      select: {
        created_at: true
      }
    },
    proposal: {
      select: {
        created_at: true
      }
    }
  }
}

Argument `not` must not be null.
2025-08-13T23:34:31.659Z [right meow!] error: Error calculating review time for reviewer 3: 
Invalid `prisma.review.findMany()` invocation:

{
  where: {
    reviewer_id: 3,
    decision: {
      not: null
    },
    reviewed_at: {
+     not: DateTime
    }
  },
  include: {
    paper: {
      select: {
        created_at: true
      }
    },
    proposal: {
      select: {
        created_at: true
      }
    }
  }
}

Argument `not` must not be null.
2025-08-13T23:34:31.665Z [right meow!] error: Error calculating review time for reviewer 2: 
Invalid `prisma.review.findMany()` invocation:

{
  where: {
    reviewer_id: 2,
    decision: {
      not: null
    },
    reviewed_at: {
+     not: DateTime
    }
  },
  include: {
    paper: {
      select: {
        created_at: true
      }
    },
    proposal: {
      select: {
        created_at: true
      }
    }
  }
}

Argument `not` must not be null.
2025-08-13T23:34:31.833Z [right meow!] error: Error calculating review time for reviewer 5: 
Invalid `prisma.review.findMany()` invocation:

{
  where: {
    reviewer_id: 5,
    decision: {
      not: null
    },
    reviewed_at: {
+     not: DateTime
    }
  },
  include: {
    paper: {
      select: {
        created_at: true
      }
    },
    proposal: {
      select: {
        created_at: true
      }
    }
  }
}

Argument `not` must not be null.
2025-08-13T23:34:31.840Z [right meow!] error: Error calculating review time for reviewer 2: 
Invalid `prisma.review.findMany()` invocation:

{
  where: {
    reviewer_id: 2,
    decision: {
      not: null
    },
    reviewed_at: {
+     not: DateTime
    }
  },
  include: {
    paper: {
      select: {
        created_at: true
      }
    },
    proposal: {
      select: {
        created_at: true
      }
    }
  }
}

Argument `not` must not be null.
2025-08-13T23:34:32.427Z [right meow!] error: Error calculating review time for reviewer 3: 
Invalid `prisma.review.findMany()` invocation:

{
  where: {
    reviewer_id: 3,
    decision: {
      not: null
    },
    reviewed_at: {
+     not: DateTime
    }
  },
  include: {
    paper: {
      select: {
        created_at: true
      }
    },
    proposal: {
      select: {
        created_at: true
      }
    }
  }
}

Argument `not` must not be null.
2025-08-13T23:34:45.275Z [right meow!] error: Error calculating review time for reviewer 2: 
Invalid `prisma.review.findMany()` invocation:

{
  where: {
    reviewer_id: 2,
    decision: {
      not: null
    },
    reviewed_at: {
+     not: DateTime
    }
  },
  include: {
    paper: {
      select: {
        created_at: true
      }
    },
    proposal: {
      select: {
        created_at: true
      }
    }
  }
}

Argument `not` must not be null.
2025-08-13T23:34:45.295Z [right meow!] error: Error calculating review time for reviewer 5: 
Invalid `prisma.review.findMany()` invocation:

{
  where: {
    reviewer_id: 5,
    decision: {
      not: null
    },
    reviewed_at: {
+     not: DateTime
    }
  },
  include: {
    paper: {
      select: {
        created_at: true
      }
    },
    proposal: {
      select: {
        created_at: true
      }
    }
  }
}

Argument `not` must not be null.
2025-08-13T23:36:03.568Z [right meow!] error: Error calculating review time for reviewer 5: 
Invalid `prisma.review.findMany()` invocation:

{
  where: {
    reviewer_id: 5,
    decision: {
      not: null
    },
    reviewed_at: {
+     not: DateTime
    }
  },
  include: {
    paper: {
      select: {
        created_at: true
      }
    },
    proposal: {
      select: {
        created_at: true
      }
    }
  }
}

Argument `not` must not be null.
2025-08-13T23:36:03.605Z [right meow!] error: Error calculating review time for reviewer 2: 
Invalid `prisma.review.findMany()` invocation:

{
  where: {
    reviewer_id: 2,
    decision: {
      not: null
    },
    reviewed_at: {
+     not: DateTime
    }
  },
  include: {
    paper: {
      select: {
        created_at: true
      }
    },
    proposal: {
      select: {
        created_at: true
      }
    }
  }
}

Argument `not` must not be null.
2025-08-13T23:36:07.067Z [right meow!] error: Error calculating review time for reviewer 2: 
Invalid `prisma.review.findMany()` invocation:

{
  where: {
    reviewer_id: 2,
    decision: {
      not: null
    },
    reviewed_at: {
+     not: DateTime
    }
  },
  include: {
    paper: {
      select: {
        created_at: true
      }
    },
    proposal: {
      select: {
        created_at: true
      }
    }
  }
}

Argument `not` must not be null.
2025-08-13T23:36:07.080Z [right meow!] error: Error calculating review time for reviewer 5: 
Invalid `prisma.review.findMany()` invocation:

{
  where: {
    reviewer_id: 5,
    decision: {
      not: null
    },
    reviewed_at: {
+     not: DateTime
    }
  },
  include: {
    paper: {
      select: {
        created_at: true
      }
    },
    proposal: {
      select: {
        created_at: true
      }
    }
  }
}

Argument `not` must not be null.
